<?xml version="1.0" encoding="UTF-8"?>
<!-- Generated by org.testng.reporters.JUnitXMLReporter -->
<testsuite ignored="0" hostname="LAPTOP-6KN3HGT8" failures="0" tests="4" name="Surefire test" time="47.893" errors="0" timestamp="2022-03-09T09:45:58 EST">
  <testcase classname="tests.LoginTest" name="loginWithWrongEmailPassword" time="2.353"/>
  <testcase classname="tests.LoginTest" name="loginWithEmptyEmail" time="2.289"/>
  <testcase classname="tests.LoginTest" name="loginWithEmptyPassword" time="2.31"/>
  <testcase classname="tests.LoginTest" name="loginWithSpecialCharacter" time="2.383"/>
</testsuite> <!-- Surefire test -->
