<?xml version="1.0" encoding="UTF-8"?>
<!-- Generated by org.testng.reporters.JUnitXMLReporter -->
<testsuite ignored="0" hostname="LAPTOP-6KN3HGT8" failures="0" tests="4" name="Test" time="45.274" errors="0" timestamp="2022-03-09T09:38:47 EST">
  <testcase classname="tests.LoginTest" name="loginWithWrongEmailPassword" time="2.425"/>
  <testcase classname="tests.LoginTest" name="loginWithEmptyEmail" time="2.291"/>
  <testcase classname="tests.LoginTest" name="loginWithEmptyPassword" time="2.371"/>
  <testcase classname="tests.LoginTest" name="loginWithSpecialCharacter" time="2.381"/>
</testsuite> <!-- Test -->
