<?xml version="1.0" encoding="UTF-8"?>
<testng-results ignored="0" total="4" passed="4" failed="0" skipped="0">
  <reporter-output>
  </reporter-output>
  <suite started-at="2022-03-09T09:45:10 EST" name="Surefire suite" finished-at="2022-03-09T09:45:58 EST" duration-ms="47893">
    <groups>
    </groups>
    <test started-at="2022-03-09T09:45:10 EST" name="Surefire test" finished-at="2022-03-09T09:45:58 EST" duration-ms="47893">
      <class name="tests.LoginTest">
        <test-method is-config="true" signature="beforeMethod()[pri:0, instance:tests.LoginTest@42039326]" started-at="2022-03-09T09:45:10 EST" name="beforeMethod" finished-at="2022-03-09T09:45:19 EST" duration-ms="9111" status="PASS">
          <reporter-output>
          </reporter-output>
        </test-method> <!-- beforeMethod -->
        <test-method signature="loginWithWrongEmailPassword()[pri:1, instance:tests.LoginTest@42039326]" started-at="2022-03-09T09:45:19 EST" name="loginWithWrongEmailPassword" finished-at="2022-03-09T09:45:22 EST" duration-ms="2353" status="PASS">
          <reporter-output>
          </reporter-output>
        </test-method> <!-- loginWithWrongEmailPassword -->
        <test-method is-config="true" signature="afterMethod()[pri:0, instance:tests.LoginTest@42039326]" started-at="2022-03-09T09:45:22 EST" name="afterMethod" finished-at="2022-03-09T09:45:22 EST" duration-ms="699" status="PASS">
          <reporter-output>
          </reporter-output>
        </test-method> <!-- afterMethod -->
        <test-method is-config="true" signature="beforeMethod()[pri:0, instance:tests.LoginTest@42039326]" started-at="2022-03-09T09:45:22 EST" name="beforeMethod" finished-at="2022-03-09T09:45:33 EST" duration-ms="10230" status="PASS">
          <reporter-output>
          </reporter-output>
        </test-method> <!-- beforeMethod -->
        <test-method signature="loginWithEmptyEmail()[pri:2, instance:tests.LoginTest@42039326]" started-at="2022-03-09T09:45:33 EST" name="loginWithEmptyEmail" finished-at="2022-03-09T09:45:35 EST" duration-ms="2289" status="PASS">
          <reporter-output>
          </reporter-output>
        </test-method> <!-- loginWithEmptyEmail -->
        <test-method is-config="true" signature="afterMethod()[pri:0, instance:tests.LoginTest@42039326]" started-at="2022-03-09T09:45:35 EST" name="afterMethod" finished-at="2022-03-09T09:45:36 EST" duration-ms="672" status="PASS">
          <reporter-output>
          </reporter-output>
        </test-method> <!-- afterMethod -->
        <test-method is-config="true" signature="beforeMethod()[pri:0, instance:tests.LoginTest@42039326]" started-at="2022-03-09T09:45:36 EST" name="beforeMethod" finished-at="2022-03-09T09:45:44 EST" duration-ms="8760" status="PASS">
          <reporter-output>
          </reporter-output>
        </test-method> <!-- beforeMethod -->
        <test-method signature="loginWithEmptyPassword()[pri:3, instance:tests.LoginTest@42039326]" started-at="2022-03-09T09:45:44 EST" name="loginWithEmptyPassword" finished-at="2022-03-09T09:45:47 EST" duration-ms="2310" status="PASS">
          <reporter-output>
          </reporter-output>
        </test-method> <!-- loginWithEmptyPassword -->
        <test-method is-config="true" signature="afterMethod()[pri:0, instance:tests.LoginTest@42039326]" started-at="2022-03-09T09:45:47 EST" name="afterMethod" finished-at="2022-03-09T09:45:47 EST" duration-ms="715" status="PASS">
          <reporter-output>
          </reporter-output>
        </test-method> <!-- afterMethod -->
        <test-method is-config="true" signature="beforeMethod()[pri:0, instance:tests.LoginTest@42039326]" started-at="2022-03-09T09:45:47 EST" name="beforeMethod" finished-at="2022-03-09T09:45:55 EST" duration-ms="7665" status="PASS">
          <reporter-output>
          </reporter-output>
        </test-method> <!-- beforeMethod -->
        <test-method signature="loginWithSpecialCharacter()[pri:4, instance:tests.LoginTest@42039326]" started-at="2022-03-09T09:45:55 EST" name="loginWithSpecialCharacter" finished-at="2022-03-09T09:45:57 EST" duration-ms="2383" status="PASS">
          <reporter-output>
          </reporter-output>
        </test-method> <!-- loginWithSpecialCharacter -->
        <test-method is-config="true" signature="afterMethod()[pri:0, instance:tests.LoginTest@42039326]" started-at="2022-03-09T09:45:57 EST" name="afterMethod" finished-at="2022-03-09T09:45:58 EST" duration-ms="656" status="PASS">
          <reporter-output>
          </reporter-output>
        </test-method> <!-- afterMethod -->
      </class> <!-- tests.LoginTest -->
    </test> <!-- Surefire test -->
  </suite> <!-- Surefire suite -->
</testng-results>
