<?xml version="1.0" encoding="UTF-8"?>
<testsuite xmlns:xsi="http://www.w3.org/2001/XMLSchema-instance" xsi:noNamespaceSchemaLocation="https://maven.apache.org/surefire/maven-surefire-plugin/xsd/surefire-test-report.xsd" name="tests.LoginTest" time="49.54" tests="4" errors="0" skipped="0" failures="0">
  <properties>
[...]
</properties>
  <testcase name="loginWithWrongEmailPassword" classname="tests.LoginTest" time="2.355"/>
  <testcase name="loginWithEmptyEmail" classname="tests.LoginTest" time="2.292"/>
  <testcase name="loginWithEmptyPassword" classname="tests.LoginTest" time="2.316"/>
  <testcase name="loginWithSpecialCharacter" classname="tests.LoginTest" time="2.384"/>
</testsuite>